<?xml version="1.0" encoding="UTF-8" ?>
<testsuite tests="1" failures="0" name="hello.igate.MavenApplication.AppTest" time="0" errors="0" skipped="0">
  <properties>
    <property name="PROCESSOR_ARCHITECTURE" value="x86"/>
    <property name="file.encoding.pkg" value="sun.io"/>
    <property name="LOGONSERVER" value="\\WADINPNQ07"/>
    <property name="ProgramData" value="C:\ProgramData"/>
    <property name="java.home" value="C:\Program Files (x86)\Java\jdk1.8.0_72\jre"/>
    <property name="NODE_NAME" value="master"/>
    <property name="JENKINS_URL" value="http://localhost:8082/"/>
    <property name="ALLUSERSPROFILE" value="C:\ProgramData"/>
    <property name="java.endorsed.dirs" value="C:\Program Files (x86)\Java\jdk1.8.0_72\jre\lib\endorsed"/>
    <property name="PSModulePath" value="C:\Windows\system32\WindowsPowerShell\v1.0\Modules\"/>
    <property name="=::" value="::\"/>
    <property name="USERDOMAIN" value="CORP"/>
    <property name="sun.os.patch.level" value="Service Pack 1"/>
    <property name="java.vendor.url" value="http://java.oracle.com/"/>
    <property name="CommonProgramFiles(x86)" value="C:\Program Files (x86)\Common Files"/>
    <property name="java.version" value="1.8.0_72"/>
    <property name="JOB_NAME" value="MavenAppDemo"/>
    <property name="SONAR_CONFIG_NAME" value="SonarQube"/>
    <property name="COMPUTERNAME" value="PUNHWD12189"/>
    <property name="windows_tracing_logfile" value="C:\BVTBin\Tests\installpackage\csilogfile.log"/>
    <property name="java.vendor.url.bug" value="http://bugreport.sun.com/bugreport/"/>
    <property name="PUBLIC" value="C:\Users\Public"/>
    <property name="user.name" value="avicsing"/>
    <property name="sun.io.unicode.encoding" value="UnicodeLittle"/>
    <property name="sun.jnu.encoding" value="Cp1252"/>
    <property name="java.runtime.name" value="Java(TM) SE Runtime Environment"/>
    <property name="windir" value="C:\Windows"/>
    <property name="PROCESSOR_IDENTIFIER" value="Intel64 Family 6 Model 60 Stepping 3, GenuineIntel"/>
    <property name="java.specification.name" value="Java Platform API Specification"/>
    <property name="LOCALAPPDATA" value="C:\Users\avicsing\AppData\Local"/>
    <property name="RUN_CHANGES_DISPLAY_URL" value="http://localhost:8082/job/MavenAppDemo/4/display/redirect?page=changes"/>
    <property name="user.timezone" value="Asia/Calcutta"/>
    <property name="PROCESSOR_ARCHITEW6432" value="AMD64"/>
    <property name="user.script" value=""/>
    <property name="path.separator" value=";"/>
    <property name="NUMBER_OF_PROCESSORS" value="4"/>
    <property name="BUILD_TAG" value="jenkins-MavenAppDemo-4"/>
    <property name="windows_tracing_flags" value="3"/>
    <property name="file.encoding" value="Cp1252"/>
    <property name="sun.java.command" value="jenkins.maven3.agent.Maven33Main D:\DevOps copied files\apache-maven-3.3.9 C:\Users\avicsing\.jenkins\war\WEB-INF\lib\remoting-2.60.jar C:\Users\avicsing\.jenkins\plugins\maven-plugin\WEB-INF\lib\maven33-interceptor-1.8.1.jar C:\Users\avicsing\.jenkins\plugins\maven-plugin\WEB-INF\lib\maven3-interceptor-commons-1.8.1.jar 63891"/>
    <property name="HUDSON_URL" value="http://localhost:8082/"/>
    <property name="JENKINS_SERVER_COOKIE" value="7a54f706131bc15d"/>
    <property name="=D:" value="D:\DevOps copied files\Jenkins"/>
    <property name="EXECUTOR_NUMBER" value="0"/>
    <property name="Path" value="C:\Program Files (x86)\Java\jdk1.8.0_72/bin;C:\oraclexe\app\oracle\product\11.2.0\server\bin;C:\Windows\system32;C:\Windows;C:\Windows\System32\Wbem;C:\Windows\System32\WindowsPowerShell\v1.0\;C:\Program Files (x86)\QuickTime\QTSystem\;C:\Program Files\CapgeminiScripts\Support Tools\;C:\Program Files (x86)\Java\jdk1.8.0_72\bin;C:\Users\avicsing\AppData\Local\Programs\Git\cmd"/>
    <property name="GIT_COMMIT" value="2ae9181e90a2d682e431bee39bf80d0af5cdccb7"/>
    <property name="SONARQUBE_SCANNER_PARAMS" value="{ &quot;sonar.host.url&quot; : &quot;http:\/\/localhost:9000&quot;}"/>
    <property name="java.io.tmpdir" value="C:\Users\avicsing\AppData\Local\Temp\"/>
    <property name="APPDATA" value="C:\Users\avicsing\AppData\Roaming"/>
    <property name="user.language" value="en"/>
    <property name="line.separator" value="
"/>
    <property name="BUILD_URL" value="http://localhost:8082/job/MavenAppDemo/4/"/>
    <property name="M2_HOME" value="D:\DevOps copied files\apache-maven-3.3.9"/>
    <property name="java.vm.info" value="mixed mode"/>
    <property name="sun.desktop" value="windows"/>
    <property name="java.vm.specification.name" value="Java Virtual Machine Specification"/>
    <property name="BUILD_DISPLAY_NAME" value="#4"/>
    <property name="OS" value="Windows_NT"/>
    <property name="guice.disable.misplaced.annotation.check" value="true"/>
    <property name="HUDSON_SERVER_COOKIE" value="7a54f706131bc15d"/>
    <property name="MAVEN_HOME" value="D:\DevOps copied files\apache-maven-3.3.9"/>
    <property name="SESSIONNAME" value="Console"/>
    <property name="PATHEXT" value=".COM;.EXE;.BAT;.CMD;.VBS;.VBE;.JS;.JSE;.WSF;.WSH;.MSC"/>
    <property name="java.awt.printerjob" value="sun.awt.windows.WPrinterJob"/>
    <property name="maven3.interceptor.common" value="C:\Users\avicsing\.jenkins\plugins\maven-plugin\WEB-INF\lib\maven3-interceptor-commons-1.8.1.jar"/>
    <property name="CLASSPATH" value=""/>
    <property name="SONAR_MAVEN_GOAL" value="sonar:sonar"/>
    <property name="HOMEPATH" value="\Users\avicsing"/>
    <property name="os.name" value="Windows 7"/>
    <property name="java.specification.vendor" value="Oracle Corporation"/>
    <property name="FP_NO_HOST_CHECK" value="NO"/>
    <property name="java.vm.name" value="Java HotSpot(TM) Client VM"/>
    <property name="BUILD_NUMBER" value="4"/>
    <property name="maven3.interceptor" value="C:\Users\avicsing\.jenkins\plugins\maven-plugin\WEB-INF\lib\maven33-interceptor-1.8.1.jar"/>
    <property name="java.library.path" value="C:\Program Files (x86)\Java\jdk1.8.0_72\bin;C:\Windows\Sun\Java\bin;C:\Windows\system32;C:\Windows;D:\DevOps copied files\apache-maven-3.3.9/bin;C:\Program Files (x86)\Java\jdk1.8.0_72/bin;C:\Program Files (x86)\Java\jdk1.8.0_72/bin;C:\oraclexe\app\oracle\product\11.2.0\server\bin;C:\Windows\system32;C:\Windows;C:\Windows\System32\Wbem;C:\Windows\System32\WindowsPowerShell\v1.0\;C:\Program Files (x86)\QuickTime\QTSystem\;C:\Program Files\CapgeminiScripts\Support Tools\;C:\Program Files (x86)\Java\jdk1.8.0_72\bin;C:\Users\avicsing\AppData\Local\Programs\Git\cmd;."/>
    <property name="HOMEDRIVE" value="C:"/>
    <property name="POM_GROUPID" value="hello.igate"/>
    <property name="POM_ARTIFACTID" value="MavenApplication"/>
    <property name="java.class.version" value="52.0"/>
    <property name="JOB_URL" value="http://localhost:8082/job/MavenAppDemo/"/>
    <property name="GIT_PREVIOUS_COMMIT" value="2ae9181e90a2d682e431bee39bf80d0af5cdccb7"/>
    <property name="GIT_BRANCH" value="origin/master"/>
    <property name="RUN_DISPLAY_URL" value="http://localhost:8082/job/MavenAppDemo/4/display/redirect"/>
    <property name="JENKINS_HOME" value="C:\Users\avicsing\.jenkins"/>
    <property name="BUILD_ID" value="4"/>
    <property name="TEMP" value="C:\Users\avicsing\AppData\Local\Temp"/>
    <property name="sun.boot.library.path" value="C:\Program Files (x86)\Java\jdk1.8.0_72\jre\bin"/>
    <property name="sun.management.compiler" value="HotSpot Client Compiler"/>
    <property name="java.awt.graphicsenv" value="sun.awt.Win32GraphicsEnvironment"/>
    <property name="user.variant" value=""/>
    <property name="PROCESSOR_REVISION" value="3c03"/>
    <property name="POM_VERSION" value="0.0.1-SNAPSHOT"/>
    <property name="HUDSON_HOME" value="C:\Users\avicsing\.jenkins"/>
    <property name="GIT_PREVIOUS_SUCCESSFUL_COMMIT" value="2ae9181e90a2d682e431bee39bf80d0af5cdccb7"/>
    <property name="ProgramFiles(x86)" value="C:\Program Files (x86)"/>
    <property name="PATH+MAVEN" value="D:\DevOps copied files\apache-maven-3.3.9/bin"/>
    <property name="PROMPT" value="$P$G"/>
    <property name="java.vm.specification.version" value="1.8"/>
    <property name="JAVA_HOME" value="C:\Program Files (x86)\Java\jdk1.8.0_72"/>
    <property name="awt.toolkit" value="sun.awt.windows.WToolkit"/>
    <property name="NODE_LABELS" value="master"/>
    <property name="sun.cpu.isalist" value="pentium_pro+mmx pentium_pro pentium+mmx pentium i486 i386 i86"/>
    <property name="USERPROFILE" value="C:\Users\avicsing"/>
    <property name="JOB_DISPLAY_URL" value="http://localhost:8082/job/MavenAppDemo/display/redirect"/>
    <property name="java.ext.dirs" value="C:\Program Files (x86)\Java\jdk1.8.0_72\jre\lib\ext;C:\Windows\Sun\Java\lib\ext"/>
    <property name="os.version" value="6.1"/>
    <property name="user.home" value="C:\Users\avicsing"/>
    <property name="USERNAME" value="avicsing"/>
    <property name="java.vm.vendor" value="Oracle Corporation"/>
    <property name="PROCESSOR_LEVEL" value="6"/>
    <property name="USERDNSDOMAIN" value="CORP.CAPGEMINI.COM"/>
    <property name="CommonProgramW6432" value="C:\Program Files\Common Files"/>
    <property name="user.dir" value="D:\DevOps Demo\mavenDemo\MavenApplication"/>
    <property name="ProgramW6432" value="C:\Program Files"/>
    <property name="TMP" value="C:\Users\avicsing\AppData\Local\Temp"/>
    <property name="UATDATA" value="C:\Windows\CCM\UATData\D9F8C395-CAB8-491d-B8AC-179A1FE1BE77"/>
    <property name="sun.cpu.endian" value="little"/>
    <property name="SystemDrive" value="C:"/>
    <property name="java.vm.version" value="25.72-b15"/>
    <property name="java.class.path" value="C:\Users\avicsing\.jenkins\plugins\maven-plugin\WEB-INF\lib\maven33-agent-1.8.1.jar;D:\DevOps copied files\apache-maven-3.3.9\boot\plexus-classworlds-2.5.2.jar;D:\DevOps copied files\apache-maven-3.3.9/conf/logging"/>
    <property name="org.slf4j.simpleLogger.defaultLogLevel" value="info"/>
    <property name="os.arch" value="x86"/>
    <property name="WORKSPACE" value="C:\Users\avicsing\.jenkins\jobs\MavenAppDemo\workspace"/>
    <property name="ComSpec" value="C:\Windows\system32\cmd.exe"/>
    <property name="sun.java.launcher" value="SUN_STANDARD"/>
    <property name="SystemRoot" value="C:\Windows"/>
    <property name="CommonProgramFiles" value="C:\Program Files (x86)\Common Files"/>
    <property name="java.vm.specification.vendor" value="Oracle Corporation"/>
    <property name="file.separator" value="\"/>
    <property name="SONAR_HOST_URL" value="http://localhost:9000"/>
    <property name="java.runtime.version" value="1.8.0_72-b15"/>
    <property name="ProgramFiles" value="C:\Program Files (x86)"/>
    <property name="sun.boot.class.path" value="C:\Program Files (x86)\Java\jdk1.8.0_72\jre\lib\resources.jar;C:\Program Files (x86)\Java\jdk1.8.0_72\jre\lib\rt.jar;C:\Program Files (x86)\Java\jdk1.8.0_72\jre\lib\sunrsasign.jar;C:\Program Files (x86)\Java\jdk1.8.0_72\jre\lib\jsse.jar;C:\Program Files (x86)\Java\jdk1.8.0_72\jre\lib\jce.jar;C:\Program Files (x86)\Java\jdk1.8.0_72\jre\lib\charsets.jar;C:\Program Files (x86)\Java\jdk1.8.0_72\jre\lib\jfr.jar;C:\Program Files (x86)\Java\jdk1.8.0_72\jre\classes"/>
    <property name="PATH+JDK" value="C:\Program Files (x86)\Java\jdk1.8.0_72/bin"/>
    <property name="=ExitCode" value="00000001"/>
    <property name="user.country" value="US"/>
    <property name="POM_PACKAGING" value="jar"/>
    <property name="maven.home" value="D:\DevOps copied files\apache-maven-3.3.9"/>
    <property name="JOB_BASE_NAME" value="MavenAppDemo"/>
    <property name="java.vendor" value="Oracle Corporation"/>
    <property name="VS100COMNTOOLS" value="C:\Program Files (x86)\Microsoft Visual Studio 10.0\Common7\Tools\"/>
    <property name="QTJAVA" value="C:\Program Files (x86)\Java\jre1.8.0_72\lib\ext\QTJava.zip"/>
    <property name="POM_DISPLAYNAME" value="MavenApplication"/>
    <property name="java.specification.version" value="1.8"/>
    <property name="sun.arch.data.model" value="32"/>
    <property name="GIT_URL" value="https://github.com/avicsing/GitDemo1.git"/>
  </properties>
  <testcase classname="hello.igate.MavenApplication.AppTest" name="testApp" time="0"/>
</testsuite>